<?xml version="1.0" encoding="UTF-8"?>
<testsuite name="MoodAnalyzerTest" tests="1" skipped="0" failures="0" errors="0" timestamp="2021-04-05T07:45:08" hostname="LAPTOP-6I2PIU3U" time="0.034">
  <properties/>
  <testcase name="analyseMood_WhenEmpty_ThenReturnInvalidMoodException()" classname="MoodAnalyzerTest" time="0.034"/>
  <system-out><![CDATA[Empty mood not allowed
]]></system-out>
  <system-err><![CDATA[]]></system-err>
</testsuite>
