<?xml version="1.0" encoding="UTF-8"?>
<testsuite name="MoodAnalyzerTest" tests="1" skipped="0" failures="0" errors="0" timestamp="2021-04-04T15:18:10" hostname="LAPTOP-6I2PIU3U" time="0.031">
  <properties/>
  <testcase name="analyzeMood_WhenNull_ThenReturnHappy()" classname="MoodAnalyzerTest" time="0.031"/>
  <system-out><![CDATA[You have enterd Null mood now set to ->happy
]]></system-out>
  <system-err><![CDATA[]]></system-err>
</testsuite>
