<?xml version="1.0" encoding="UTF-8"?>
<testsuite name="MoodAnalyzerTest" tests="1" skipped="0" failures="0" errors="0" timestamp="2021-04-05T07:31:23" hostname="LAPTOP-6I2PIU3U" time="0.043">
  <properties/>
  <testcase name="analyseMood_WhenNull_ThenReturnInvalidMoodException()" classname="MoodAnalyzerTest" time="0.043"/>
  <system-out><![CDATA[]]></system-out>
  <system-err><![CDATA[]]></system-err>
</testsuite>
