<?xml version="1.0" encoding="UTF-8"?>
<testsuite name="MoodAnalyzerTest" tests="2" skipped="0" failures="0" errors="0" timestamp="2021-04-04T15:10:11" hostname="LAPTOP-6I2PIU3U" time="0.033">
  <properties/>
  <testcase name="analyzeMood_WhenHappy_ThenReturnTrue()" classname="MoodAnalyzerTest" time="0.028"/>
  <testcase name="analyzeMood_WhenSad_ThenReturnTrue()" classname="MoodAnalyzerTest" time="0.004"/>
  <system-out><![CDATA[]]></system-out>
  <system-err><![CDATA[]]></system-err>
</testsuite>
